<?xml version="1.0" encoding="UTF-8"?>
<!-- Generated by org.testng.reporters.JUnitXMLReporter -->
<testsuite ignored="2" hostname="LAPTOP-7FB3PP7D" failures="0" tests="4" name="Test" time="3.41" errors="0" timestamp="2021-12-16T15:33:32 IST">
  <testcase classname="com.TestCases.EndToEnd_2_Test" name="endToEndTest" time="3.03"/>
  <testcase classname="com.TestCases.EndToEnd_3_Test" name="end_To_End" time="0.232"/>
  <testcase classname="com.RMGYantra_Generic_Librery.DataBaseUtility" name="connectToDB" time="0.006"/>
  <testcase classname="com.TestCases.EndToEndTest" name="endToEndTest" time="0.097"/>
  <testcase classname="com.RMGYantra_Generic_Librery.BaseClass" name="@BeforeSuite connectDataBase" time="0.0">
    <ignored/>
  </testcase> <!-- @BeforeSuite connectDataBase -->
  <testcase classname="com.RMGYantra_Generic_Librery.BaseClass" name="@AfterSuite disConnectDataBase" time="0.0">
    <ignored/>
  </testcase> <!-- @AfterSuite disConnectDataBase -->
</testsuite> <!-- Test -->
