<?xml version="1.0" encoding="UTF-8"?>
<testng-results ignored="0" total="1" passed="1" failed="0" skipped="0">
  <reporter-output>
  </reporter-output>
  <suite started-at="2021-12-16T16:47:48 IST" name="Default suite" finished-at="2021-12-16T16:47:50 IST" duration-ms="1385">
    <groups>
    </groups>
    <test started-at="2021-12-16T16:47:48 IST" name="Default test" finished-at="2021-12-16T16:47:50 IST" duration-ms="1385">
      <class name="crudOperations_Without_BDD.GetAllProjectsTest">
        <test-method signature="getAllprojectsTest()[pri:0, instance:crudOperations_Without_BDD.GetAllProjectsTest@3c73951]" started-at="2021-12-16T16:47:48 IST" name="getAllprojectsTest" finished-at="2021-12-16T16:47:50 IST" duration-ms="1351" status="PASS">
          <reporter-output>
          </reporter-output>
        </test-method> <!-- getAllprojectsTest -->
      </class> <!-- crudOperations_Without_BDD.GetAllProjectsTest -->
    </test> <!-- Default test -->
  </suite> <!-- Default suite -->
</testng-results>
