<?xml version="1.0" encoding="UTF-8"?>
<testng-results ignored="0" total="1" passed="1" failed="0" skipped="0">
  <reporter-output>
  </reporter-output>
  <suite started-at="2021-12-10T16:01:00 IST" name="Default suite" finished-at="2021-12-10T16:01:02 IST" duration-ms="2313">
    <groups>
    </groups>
    <test started-at="2021-12-10T16:01:00 IST" name="Default test" finished-at="2021-12-10T16:01:02 IST" duration-ms="2313">
      <class name="authentication.BarearTokenTest">
        <test-method signature="barearTokenTest()[pri:0, instance:authentication.BarearTokenTest@3c73951]" started-at="2021-12-10T16:01:00 IST" name="barearTokenTest" finished-at="2021-12-10T16:01:02 IST" duration-ms="2280" status="PASS">
          <reporter-output>
          </reporter-output>
        </test-method> <!-- barearTokenTest -->
      </class> <!-- authentication.BarearTokenTest -->
    </test> <!-- Default test -->
  </suite> <!-- Default suite -->
</testng-results>
